Assembler report for jtagConnect
Tue Apr 16 18:43:21 2019
Quartus II 64-Bit Version 14.1.0 Build 186 12/03/2014 SJ Web Edition


---------------------
; Table of Contents ;
---------------------
  1. Legal Notice
  2. Assembler Summary
  3. Assembler Settings
  4. Assembler Encrypted IP Cores Summary
  5. Assembler Generated Files
  6. Assembler Device Options: C:/Users/bazza/Desktop/EET Tercer/6 Sem/DSSD/PROJECTE 2 VJTAG/de0-nano/tk_jtag-master_with_GUI/tk_jtag-master/jtagConnect_restored/output_files/jtagConnect.sof
  7. Assembler Messages



----------------
; Legal Notice ;
----------------
Copyright (C) 1991-2014 Altera Corporation. All rights reserved.
Your use of Altera Corporation's design tools, logic functions 
and other software and tools, and its AMPP partner logic 
functions, and any output files from any of the foregoing 
(including device programming or simulation files), and any 
associated documentation or information are expressly subject 
to the terms and conditions of the Altera Program License 
Subscription Agreement, the Altera Quartus II License Agreement,
the Altera MegaCore Function License Agreement, or other 
applicable license agreement, including, without limitation, 
that your use is for the sole purpose of programming logic 
devices manufactured by Altera and sold by Altera or its 
authorized distributors.  Please refer to the applicable 
agreement for further details.



+---------------------------------------------------------------+
; Assembler Summary                                             ;
+-----------------------+---------------------------------------+
; Assembler Status      ; Successful - Tue Apr 16 18:43:21 2019 ;
; Revision Name         ; jtagConnect                           ;
; Top-level Entity Name ; schematic                             ;
; Family                ; Cyclone IV E                          ;
; Device                ; EP4CE22F17C6                          ;
+-----------------------+---------------------------------------+


+----------------------------------+
; Assembler Settings               ;
+--------+---------+---------------+
; Option ; Setting ; Default Value ;
+--------+---------+---------------+


+------------------------------------------------+
; Assembler Encrypted IP Cores Summary           ;
+--------+------------------------+--------------+
; Vendor ; IP Core Name           ; License Type ;
+--------+------------------------+--------------+
; Altera ; Signal Tap (6AF7 BCE1) ; Licensed     ;
+--------+------------------------+--------------+


+-----------------------------------------------------------------------------------------------------------------------------------------------------------------+
; Assembler Generated Files                                                                                                                                       ;
+-----------------------------------------------------------------------------------------------------------------------------------------------------------------+
; File Name                                                                                                                                                       ;
+-----------------------------------------------------------------------------------------------------------------------------------------------------------------+
; C:/Users/bazza/Desktop/EET Tercer/6 Sem/DSSD/PROJECTE 2 VJTAG/de0-nano/tk_jtag-master_with_GUI/tk_jtag-master/jtagConnect_restored/output_files/jtagConnect.sof ;
+-----------------------------------------------------------------------------------------------------------------------------------------------------------------+


+-------------------------------------------------------------------------------------------------------------------------------------------------------------------------------------------+
; Assembler Device Options: C:/Users/bazza/Desktop/EET Tercer/6 Sem/DSSD/PROJECTE 2 VJTAG/de0-nano/tk_jtag-master_with_GUI/tk_jtag-master/jtagConnect_restored/output_files/jtagConnect.sof ;
+----------------+--------------------------------------------------------------------------------------------------------------------------------------------------------------------------+
; Option         ; Setting                                                                                                                                                                  ;
+----------------+--------------------------------------------------------------------------------------------------------------------------------------------------------------------------+
; Device         ; EP4CE22F17C6                                                                                                                                                             ;
; JTAG usercode  ; 0x0014AC9D                                                                                                                                                               ;
; Checksum       ; 0x0014AC9D                                                                                                                                                               ;
+----------------+--------------------------------------------------------------------------------------------------------------------------------------------------------------------------+


+--------------------+
; Assembler Messages ;
+--------------------+
Info: *******************************************************************
Info: Running Quartus II 64-Bit Assembler
    Info: Version 14.1.0 Build 186 12/03/2014 SJ Web Edition
    Info: Processing started: Tue Apr 16 18:43:18 2019
Info: Command: quartus_asm --read_settings_files=off --write_settings_files=off jtagConnect -c jtagConnect
Info (115031): Writing out detailed assembly data for power analysis
Info (115030): Assembler is generating device programming files
Info: Quartus II 64-Bit Assembler was successful. 0 errors, 0 warnings
    Info: Peak virtual memory: 4722 megabytes
    Info: Processing ended: Tue Apr 16 18:43:21 2019
    Info: Elapsed time: 00:00:03
    Info: Total CPU time (on all processors): 00:00:02


